<?xml version="1.0" encoding="UTF-8"?>
<testsuite xmlns:xsi="http://www.w3.org/2001/XMLSchema-instance" xsi:noNamespaceSchemaLocation="https://maven.apache.org/surefire/maven-failsafe-plugin/xsd/failsafe-test-report-3.0.xsd" version="3.0" name="runners.PostTestRunnerIT" time="0.517" tests="1" errors="0" skipped="0" failures="0">
  <properties>
[...]
</properties>
  <testcase name="the Authorized user can Add and Remove a book." classname="Title of your feature" time="0.252">
    <system-out><![CDATA[Post 1
]]></system-out>
  </testcase>
</testsuite>